[2026-02-10T20:16:45.821Z] [INFO] Checking for new deployments...
[2026-02-10T20:16:47.216Z] [INFO] No new deployments since last check.
[2026-02-10T20:52:12.577Z] [INFO] Checking for new deployments...
[2026-02-10T20:52:17.042Z] [INFO] No new deployments since last check.
[dotenv@17.2.4] injecting env (6) from .env -- tip: 🔐 prevent committing .env to code: https://dotenvx.com/precommit
[2026-02-10T20:53:03.332Z] [INFO] Checking for new deployments...
[2026-02-10T20:53:03.332Z] [INFO] Checking for new deployments...
[2026-02-10T20:53:04.705Z] [INFO] No new deployments since last check.
[2026-02-10T20:53:04.705Z] [INFO] No new deployments since last check.
[2026-02-10T20:58:27.481Z] [INFO] Checking for new deployments...
[2026-02-10T20:58:28.692Z] [INFO] New deployment detected: @AiCrypts
[2026-02-10T20:58:29.628Z] [INFO] Telegram alert sent for project: @AiCrypts
[2026-02-10T20:58:29.629Z] [INFO] New deployment detected: @bananagun
[2026-02-10T20:58:29.978Z] [INFO] Telegram alert sent for project: @bananagun
[2026-02-10T20:58:29.978Z] [INFO] Found 2 new deployment(s)
/home/kuusho/ideation-labs/megashETH-labs/deployment-tracker/run-tracker.sh: line 4: node: command not found
/home/kuusho/ideation-labs/megashETH-labs/deployment-tracker/run-tracker.sh: line 4: node: command not found
[2026-02-10T21:12:12.728Z] [INFO] Starting backfill for last 300 tweets...
[2026-02-10T21:12:13.384Z] [INFO] Fetching up to 300 tweets from @megaeth...
[2026-02-10T21:12:14.079Z] [INFO] Fetched 100 tweets so far...
[2026-02-10T21:12:15.726Z] [INFO] Fetched 200 tweets so far...
[2026-02-10T21:12:17.596Z] [INFO] Fetched 300 tweets so far...
[2026-02-10T21:12:18.599Z] [INFO] Total tweets fetched: 300
[2026-02-10T21:12:18.599Z] [INFO] New deployment detected: @AiCrypts (2026-02-09T21:08:06.000Z)
[2026-02-10T21:12:19.968Z] [INFO] Telegram alert sent for project: @AiCrypts
[2026-02-10T21:12:20.468Z] [INFO] New deployment detected: @bananagun (2026-02-09T15:48:28.000Z)
[2026-02-10T21:12:20.837Z] [INFO] Telegram alert sent for project: @bananagun
[2026-02-10T21:12:21.338Z] [INFO] New deployment detected: @OffshoreOnMega (2026-02-09T15:16:58.000Z)
[2026-02-10T21:12:21.678Z] [INFO] Telegram alert sent for project: @OffshoreOnMega
[2026-02-10T21:12:22.179Z] [INFO] New deployment detected: @realtime_defi (2026-02-09T05:00:11.000Z)
[2026-02-10T21:12:22.442Z] [ERROR] Failed to send Telegram alert: ETELEGRAM: 400 Bad Request: can't parse entities: Can't find end of the entity starting at byte offset 86
[2026-02-10T21:12:22.442Z] [INFO] New deployment detected: @clutchpredict (2026-02-08T22:23:07.000Z)
[2026-02-10T21:12:22.810Z] [INFO] Telegram alert sent for project: @clutchpredict
[2026-02-10T21:12:23.309Z] [INFO] New deployment detected: @mrdn_finance (2026-02-08T21:33:03.000Z)
[2026-02-10T21:12:23.562Z] [ERROR] Failed to send Telegram alert: ETELEGRAM: 400 Bad Request: can't parse entities: Can't find end of the entity starting at byte offset 82
[2026-02-10T21:12:23.563Z] [INFO] New deployment detected: @fasterdotfun (2026-02-08T20:08:09.000Z)
[2026-02-10T21:12:23.915Z] [INFO] Telegram alert sent for project: @fasterdotfun
[2026-02-10T21:12:24.416Z] [INFO] New deployment detected: @PriorityTrade_ (2026-02-08T18:23:35.000Z)
[2026-02-10T21:12:24.671Z] [ERROR] Failed to send Telegram alert: ETELEGRAM: 400 Bad Request: can't parse entities: Can't find end of the entity starting at byte offset 91
[2026-02-10T21:12:24.672Z] [INFO] New deployment detected: @BasedTradingBot (2026-02-08T07:39:26.000Z)
[2026-02-10T21:12:25.025Z] [INFO] Telegram alert sent for project: @BasedTradingBot
[2026-02-10T21:12:25.526Z] [INFO] New deployment detected: @GainsNetwork_io (2026-02-07T21:20:59.000Z)
[2026-02-10T21:12:25.784Z] [ERROR] Failed to send Telegram alert: ETELEGRAM: 400 Bad Request: can't parse entities: Can't find end of the entity starting at byte offset 90
[2026-02-10T21:12:25.785Z] [INFO] New deployment detected: @mtrkr_xyz (2026-02-07T19:46:29.000Z)
[2026-02-10T21:12:26.041Z] [ERROR] Failed to send Telegram alert: ETELEGRAM: 400 Bad Request: can't parse entities: Can't find end of the entity starting at byte offset 83
[2026-02-10T21:12:26.041Z] [INFO] New deployment detected: @premarket_xyz (2026-02-07T17:09:00.000Z)
[2026-02-10T21:12:26.298Z] [ERROR] Failed to send Telegram alert: ETELEGRAM: 400 Bad Request: can't parse entities: Can't find end of the entity starting at byte offset 87
[2026-02-10T21:12:26.298Z] [INFO] New deployment detected: @SupernovaLabs_ (2026-02-07T16:29:42.000Z)
[2026-02-10T21:12:26.552Z] [ERROR] Failed to send Telegram alert: ETELEGRAM: 400 Bad Request: can't parse entities: Can't find end of the entity starting at byte offset 91
[2026-02-10T21:12:26.552Z] [INFO] New deployment detected: @chainlink (2026-02-06T17:04:04.000Z)
[2026-02-10T21:12:26.870Z] [INFO] Telegram alert sent for project: @chainlink
[2026-02-10T21:12:27.370Z] [INFO] New deployment detected: @birdeye_so (2026-02-06T13:09:23.000Z)
[2026-02-10T21:12:27.622Z] [ERROR] Failed to send Telegram alert: ETELEGRAM: 400 Bad Request: can't parse entities: Can't find end of the entity starting at byte offset 85
[2026-02-10T21:12:27.623Z] [INFO] New deployment detected: @infinex (2026-02-06T09:42:04.000Z)
[2026-02-10T21:12:27.959Z] [INFO] Telegram alert sent for project: @infinex
[2026-02-10T21:12:28.460Z] [INFO] New deployment detected: @avon_xyz (2026-02-05T22:14:52.000Z)
[2026-02-10T21:12:28.715Z] [ERROR] Failed to send Telegram alert: ETELEGRAM: 400 Bad Request: can't parse entities: Can't find end of the entity starting at byte offset 82
[2026-02-10T21:12:28.716Z] [INFO] New deployment detected: @aave (2026-02-05T20:15:57.000Z)
[2026-02-10T21:12:29.045Z] [INFO] Telegram alert sent for project: @aave
[2026-02-10T21:12:29.546Z] [INFO] New deployment detected: @AvailProject (2026-02-05T14:39:56.000Z)
[2026-02-10T21:12:29.913Z] [INFO] Telegram alert sent for project: @AvailProject
[2026-02-10T21:12:30.413Z] [INFO] New deployment detected: @BungeeExchange (2026-02-04T23:26:37.000Z)
[2026-02-10T21:12:30.803Z] [INFO] Telegram alert sent for project: @BungeeExchange
[2026-02-10T21:12:31.303Z] [INFO] New deployment detected: @warpexchange (2026-02-04T02:24:11.000Z)
[2026-02-10T21:12:31.794Z] [INFO] Telegram alert sent for project: @warpexchange
[2026-02-10T21:12:32.300Z] [INFO] New deployment detected: @aori_io (2026-01-30T14:52:45.000Z)
[2026-02-10T21:12:32.567Z] [ERROR] Failed to send Telegram alert: ETELEGRAM: 400 Bad Request: can't parse entities: Can't find end of the entity starting at byte offset 82
[2026-02-10T21:12:32.567Z] [INFO] New deployment detected: @SectorOneDEX (2026-01-25T18:48:55.000Z)
[2026-02-10T21:12:32.919Z] [INFO] Telegram alert sent for project: @SectorOneDEX
[2026-02-10T21:12:33.420Z] [INFO] New deployment detected: @AveForge (2026-01-23T16:19:18.000Z)
[2026-02-10T21:12:33.815Z] [INFO] Telegram alert sent for project: @AveForge
[2026-02-10T21:12:34.316Z] [INFO] New deployment detected: @PrismFi_ (2026-01-23T14:00:11.000Z)
[2026-02-10T21:12:34.569Z] [ERROR] Failed to send Telegram alert: ETELEGRAM: 400 Bad Request: can't parse entities: Can't find end of the entity starting at byte offset 85
[2026-02-10T21:12:34.569Z] [INFO] New deployment detected: @telisxyz (2026-01-21T15:42:23.000Z)
[2026-02-10T21:12:34.895Z] [INFO] Telegram alert sent for project: @telisxyz
[2026-02-10T21:12:35.395Z] [INFO] New deployment detected: @TopStrikeIO (2026-01-20T16:37:18.000Z)
[2026-02-10T21:12:35.768Z] [INFO] Telegram alert sent for project: @TopStrikeIO
[2026-02-10T21:12:36.269Z] [INFO] New deployment detected: @hitdotone (2026-01-20T13:59:01.000Z)
[2026-02-10T21:12:36.617Z] [INFO] Telegram alert sent for project: @hitdotone
[2026-02-10T21:12:37.118Z] [INFO] New deployment detected: @thewarren_app (2026-01-16T13:36:55.000Z)
[2026-02-10T21:12:37.375Z] [ERROR] Failed to send Telegram alert: ETELEGRAM: 400 Bad Request: can't parse entities: Can't find end of the entity starting at byte offset 87
[2026-02-10T21:12:37.375Z] [INFO] New deployment detected: @smasherdotfun (2026-01-15T16:50:00.000Z)
[2026-02-10T21:12:37.721Z] [INFO] Telegram alert sent for project: @smasherdotfun
[2026-02-10T21:12:38.222Z] [INFO] New deployment detected: @LidoFinance (2026-01-13T16:15:21.000Z)
[2026-02-10T21:12:38.549Z] [INFO] Telegram alert sent for project: @LidoFinance
[2026-02-10T21:12:39.050Z] [INFO] New deployment detected: @wcm_inc (2026-01-12T15:11:06.000Z)
[2026-02-10T21:12:39.306Z] [ERROR] Failed to send Telegram alert: ETELEGRAM: 400 Bad Request: can't parse entities: Can't find end of the entity starting at byte offset 81
[2026-02-10T21:12:39.306Z] [INFO] New deployment detected: @kumbaya_xyz (2026-01-08T14:32:54.000Z)
[2026-02-10T21:12:39.559Z] [ERROR] Failed to send Telegram alert: ETELEGRAM: 400 Bad Request: can't parse entities: Can't find end of the entity starting at byte offset 85
[2026-02-10T21:12:39.559Z] [INFO] New deployment detected: @unknown (2026-01-07T13:57:25.000Z)
[2026-02-10T21:12:39.959Z] [INFO] Telegram alert sent for project: @null
[2026-02-10T21:12:40.460Z] [INFO] New deployment detected: @stompdotgg (2026-01-06T16:04:01.000Z)
[2026-02-10T21:12:40.733Z] [ERROR] Failed to send Telegram alert: ETELEGRAM: 429 Too Many Requests: retry after 37
[2026-02-10T21:12:40.734Z] [INFO] New deployment detected: @capmoney_ (2026-01-05T14:01:54.000Z)
[2026-02-10T21:12:40.990Z] [ERROR] Failed to send Telegram alert: ETELEGRAM: 400 Bad Request: can't parse entities: Can't find end of the entity starting at byte offset 86
[2026-02-10T21:12:40.991Z] [INFO] ✅ BACKFILL COMPLETE: Found 36 new deployment(s)
[2026-02-10T21:12:40.991Z] [INFO] Total deployments in database: 36
/home/kuusho/ideation-labs/megashETH-labs/deployment-tracker/run-tracker.sh: line 4: node: command not found
/home/kuusho/ideation-labs/megashETH-labs/deployment-tracker/run-tracker.sh: line 4: node: command not found
/home/kuusho/ideation-labs/megashETH-labs/deployment-tracker/run-tracker.sh: line 4: node: command not found
/home/kuusho/ideation-labs/megashETH-labs/deployment-tracker/run-tracker.sh: line 4: node: command not found
/home/kuusho/ideation-labs/megashETH-labs/deployment-tracker/run-tracker.sh: line 4: node: command not found
/home/kuusho/ideation-labs/megashETH-labs/deployment-tracker/run-tracker.sh: line 4: node: command not found
/home/kuusho/ideation-labs/megashETH-labs/deployment-tracker/run-tracker.sh: line 4: node: command not found
/home/kuusho/ideation-labs/megashETH-labs/deployment-tracker/run-tracker.sh: line 4: node: command not found
/home/kuusho/ideation-labs/megashETH-labs/deployment-tracker/run-tracker.sh: line 4: node: command not found
/home/kuusho/ideation-labs/megashETH-labs/deployment-tracker/run-tracker.sh: line 4: node: command not found
/home/kuusho/ideation-labs/megashETH-labs/deployment-tracker/run-tracker.sh: line 4: node: command not found
/home/kuusho/ideation-labs/megashETH-labs/deployment-tracker/run-tracker.sh: line 4: node: command not found
/home/kuusho/ideation-labs/megashETH-labs/deployment-tracker/run-tracker.sh: line 4: node: command not found
/home/kuusho/ideation-labs/megashETH-labs/deployment-tracker/run-tracker.sh: line 4: node: command not found
/home/kuusho/ideation-labs/megashETH-labs/deployment-tracker/run-tracker.sh: line 4: node: command not found
/home/kuusho/ideation-labs/megashETH-labs/deployment-tracker/run-tracker.sh: line 4: node: command not found
/home/kuusho/ideation-labs/megashETH-labs/deployment-tracker/run-tracker.sh: line 4: node: command not found
/home/kuusho/ideation-labs/megashETH-labs/deployment-tracker/run-tracker.sh: line 4: node: command not found
/home/kuusho/ideation-labs/megashETH-labs/deployment-tracker/run-tracker.sh: line 4: node: command not found
/home/kuusho/ideation-labs/megashETH-labs/deployment-tracker/run-tracker.sh: line 4: node: command not found
/home/kuusho/ideation-labs/megashETH-labs/deployment-tracker/run-tracker.sh: line 4: node: command not found
/home/kuusho/ideation-labs/megashETH-labs/deployment-tracker/run-tracker.sh: line 4: node: command not found
